0 info it worked if it ends with ok
1 verbose cli [ 'C:\\Applic\\Ide\\Netbeans\\nodejs\\node.exe',
1 verbose cli   'C:\\Applic\\Ide\\Netbeans\\nodejs\\node_modules\\npm\\bin\\npm-cli.js',
1 verbose cli   'run',
1 verbose cli   'bump:patch:pub' ]
2 info using npm@3.10.9
3 info using node@v6.9.1
4 verbose run-script [ 'prebump:patch:pub', 'bump:patch:pub', 'postbump:patch:pub' ]
5 info lifecycle reaserve@0.1.1~prebump:patch:pub: reaserve@0.1.1
6 silly lifecycle reaserve@0.1.1~prebump:patch:pub: no script for prebump:patch:pub, continuing
7 info lifecycle reaserve@0.1.1~bump:patch:pub: reaserve@0.1.1
8 verbose lifecycle reaserve@0.1.1~bump:patch:pub: unsafe-perm in lifecycle true
9 verbose lifecycle reaserve@0.1.1~bump:patch:pub: PATH: C:\Applic\Ide\Netbeans\nodejs\node_modules\npm\bin\node-gyp-bin;C:\Users\ndanyuzwe.g\Desktop\nodecode\reaserve\node_modules\.bin;C:\Applic\Ide\Netbeans\git\mingw64\bin;C:\Applic\Ide\Netbeans\git\usr\bin;U:\bin;U:\bin;C:\Applic\Ide\Netbeans\git\mingw64\bin;C:\Applic\Ide\Netbeans\git\usr\local\bin;C:\Applic\Ide\Netbeans\git\usr\bin;C:\Applic\Ide\Netbeans\git\usr\bin;C:\Applic\Ide\Netbeans\git\mingw64\bin;C:\Applic\Ide\Netbeans\git\usr\bin;U:\bin;C:\ProgramData\Oracle\Java\javapath;C:\Applic\Oracle\product\11.2.0\client_1\bin;C:\Windows\system32;C:\Windows;C:\Windows\System32\Wbem;C:\Windows\System32\WindowsPowerShell\v1.0;C:\Program Files (x86)\Enterprise Vault\EVClient;C:\ProgramData\Oracle\Java\javapath;C:\Applic\Oracle\product\11.2.0\client_1\bin;C:\Windows\system32;C:\Windows;C:\Windows\System32\Wbem;C:\Windows\System32\WindowsPowerShell\v1.0;C:\Program Files (x86)\Enterprise Vault\EVClient;C:\Applic\Ide\Netbeans\Go\bin;C:\Applic\Ide\Netbeans\git\usr\bin;C:\Applic\Ide\Netbeans\gocode\bin;C:\Users\ndanyuzwe.g\Desktop\gcc-tdm\bin;C:\Applic\Ide\Netbeans\MinGW\bin;C:\Applic\Ide\Netbeans\nodejs;C:\Applic\Ide\Netbeans\npm;C:\Applic\Ide\Netbeans\oracleInstaClient\vc10;C:\Applic\Ide\Netbeans\oracleInstaClient;C:\Applic\Ide\Netbeans\vscode;C:\Applic\Ide\Netbeans\python27;C:\Applic\Ide\Netbeans\nodejs\node_modules\gml\build;C:\Applic\Ide\Netbeans\git\usr\bin\vendor_perl;C:\Applic\Ide\Netbeans\git\usr\bin\core_perl
10 verbose lifecycle reaserve@0.1.1~bump:patch:pub: CWD: C:\Users\ndanyuzwe.g\Desktop\nodecode\reaserve
11 silly lifecycle reaserve@0.1.1~bump:patch:pub: Args: [ '/d /s /c',
11 silly lifecycle   'node ./node_modules/node-bumper/build/index patch --git --npm' ]
12 silly lifecycle reaserve@0.1.1~bump:patch:pub: Returned: code: 1  signal: null
13 info lifecycle reaserve@0.1.1~bump:patch:pub: Failed to exec bump:patch:pub script
14 verbose stack Error: reaserve@0.1.1 bump:patch:pub: `node ./node_modules/node-bumper/build/index patch --git --npm`
14 verbose stack Exit status 1
14 verbose stack     at EventEmitter.<anonymous> (C:\Applic\Ide\Netbeans\nodejs\node_modules\npm\lib\utils\lifecycle.js:255:16)
14 verbose stack     at emitTwo (events.js:106:13)
14 verbose stack     at EventEmitter.emit (events.js:191:7)
14 verbose stack     at ChildProcess.<anonymous> (C:\Applic\Ide\Netbeans\nodejs\node_modules\npm\lib\utils\spawn.js:40:14)
14 verbose stack     at emitTwo (events.js:106:13)
14 verbose stack     at ChildProcess.emit (events.js:191:7)
14 verbose stack     at maybeClose (internal/child_process.js:877:16)
14 verbose stack     at Process.ChildProcess._handle.onexit (internal/child_process.js:226:5)
15 verbose pkgid reaserve@0.1.1
16 verbose cwd C:\Users\ndanyuzwe.g\Desktop\nodecode\reaserve
17 error Windows_NT 6.1.7601
18 error argv "C:\\Applic\\Ide\\Netbeans\\nodejs\\node.exe" "C:\\Applic\\Ide\\Netbeans\\nodejs\\node_modules\\npm\\bin\\npm-cli.js" "run" "bump:patch:pub"
19 error node v6.9.1
20 error npm  v3.10.9
21 error code ELIFECYCLE
22 error reaserve@0.1.1 bump:patch:pub: `node ./node_modules/node-bumper/build/index patch --git --npm`
22 error Exit status 1
23 error Failed at the reaserve@0.1.1 bump:patch:pub script 'node ./node_modules/node-bumper/build/index patch --git --npm'.
23 error Make sure you have the latest version of node.js and npm installed.
23 error If you do, this is most likely a problem with the reaserve package,
23 error not with npm itself.
23 error Tell the author that this fails on your system:
23 error     node ./node_modules/node-bumper/build/index patch --git --npm
23 error You can get information on how to open an issue for this project with:
23 error     npm bugs reaserve
23 error Or if that isn't available, you can get their info via:
23 error     npm owner ls reaserve
23 error There is likely additional logging output above.
24 verbose exit [ 1, true ]
